f:\computerscience\uom\research_project\software\jarvis_octomap\sourcecode\lowram_octomap\lowram_octomap\x64\debug\vc143.pdb
f:\computerscience\uom\research_project\software\jarvis_octomap\sourcecode\lowram_octomap\lowram_octomap\x64\debug\vc143.idb
f:\computerscience\uom\research_project\software\jarvis_octomap\sourcecode\lowram_octomap\lowram_octomap\x64\debug\svd.obj
f:\computerscience\uom\research_project\software\jarvis_octomap\sourcecode\lowram_octomap\lowram_octomap\x64\debug\sorting.obj
f:\computerscience\uom\research_project\software\jarvis_octomap\sourcecode\lowram_octomap\lowram_octomap\x64\debug\solveequationandeigen.obj
f:\computerscience\uom\research_project\software\jarvis_octomap\sourcecode\lowram_octomap\lowram_octomap\x64\debug\robustregression.obj
f:\computerscience\uom\research_project\software\jarvis_octomap\sourcecode\lowram_octomap\lowram_octomap\x64\debug\pointcloudio.obj
f:\computerscience\uom\research_project\software\jarvis_octomap\sourcecode\lowram_octomap\lowram_octomap\x64\debug\octree.obj
f:\computerscience\uom\research_project\software\jarvis_octomap\sourcecode\lowram_octomap\lowram_octomap\x64\debug\matrixandvector.obj
f:\computerscience\uom\research_project\software\jarvis_octomap\sourcecode\lowram_octomap\lowram_octomap\x64\debug\main.obj
f:\computerscience\uom\research_project\software\jarvis_octomap\sourcecode\lowram_octomap\x64\debug\lowram_octomap.exe
f:\computerscience\uom\research_project\software\jarvis_octomap\sourcecode\lowram_octomap\lowram_octomap\x64\debug\lowram_octomap.ilk
f:\computerscience\uom\research_project\software\jarvis_octomap\sourcecode\lowram_octomap\x64\debug\lowram_octomap.pdb
f:\computerscience\uom\research_project\software\jarvis_octomap\sourcecode\lowram_octomap\lowram_octomap\x64\debug\lowram_octomap.tlog\cl.command.1.tlog
f:\computerscience\uom\research_project\software\jarvis_octomap\sourcecode\lowram_octomap\lowram_octomap\x64\debug\lowram_octomap.tlog\cl.items.tlog
f:\computerscience\uom\research_project\software\jarvis_octomap\sourcecode\lowram_octomap\lowram_octomap\x64\debug\lowram_octomap.tlog\cl.read.1.tlog
f:\computerscience\uom\research_project\software\jarvis_octomap\sourcecode\lowram_octomap\lowram_octomap\x64\debug\lowram_octomap.tlog\cl.write.1.tlog
f:\computerscience\uom\research_project\software\jarvis_octomap\sourcecode\lowram_octomap\lowram_octomap\x64\debug\lowram_octomap.tlog\link.command.1.tlog
f:\computerscience\uom\research_project\software\jarvis_octomap\sourcecode\lowram_octomap\lowram_octomap\x64\debug\lowram_octomap.tlog\link.read.1.tlog
f:\computerscience\uom\research_project\software\jarvis_octomap\sourcecode\lowram_octomap\lowram_octomap\x64\debug\lowram_octomap.tlog\link.write.1.tlog
